--------------------------------------------------------------------------------
Release 14.3 Trace  (nt64)
Copyright (c) 1995-2012 Xilinx, Inc.  All rights reserved.

f:\Xilinx\14.3\ISE_DS\ISE\bin\nt64\unwrapped\trce.exe -intstyle ise -v 3 -s 3
-n 3 -fastpaths -xml mux4_1.twx mux4_1.ncd -o mux4_1.twr mux4_1.pcf -ucf
mux4_1.ucf

Design file:              mux4_1.ncd
Physical constraint file: mux4_1.pcf
Device,package,speed:     xc6slx150,fgg484,C,-3 (PRODUCTION 1.23 2012-10-12)
Report level:             verbose report

Environment Variable      Effect 
--------------------      ------ 
NONE                      No environment variables were set
--------------------------------------------------------------------------------

INFO:Timing:2698 - No timing constraints found, doing default enumeration.
INFO:Timing:3412 - To improve timing, see the Timing Closure User Guide (UG612).
INFO:Timing:2752 - To get complete path coverage, use the unconstrained paths 
   option. All paths that are not constrained will be reported in the 
   unconstrained paths section(s) of the report.
INFO:Timing:3339 - The clock-to-out numbers in this timing report are based on 
   a 50 Ohm transmission line loading model.  For the details of this model, 
   and for more information on accounting for different loading conditions, 
   please see the device datasheet.



Data Sheet report:
-----------------
All values displayed in nanoseconds (ns)

Pad to Pad
---------------+---------------+---------+
Source Pad     |Destination Pad|  Delay  |
---------------+---------------+---------+
sw1_d1         |led8_out       |   13.722|
sw2_d2         |led8_out       |   13.334|
sw3_d3         |led8_out       |   13.328|
sw4_d4         |led8_out       |   12.899|
sw5_a0         |led8_out       |   12.848|
sw6_a1         |led8_out       |   12.795|
---------------+---------------+---------+


Analysis completed Tue Jan 12 10:08:32 2016 
--------------------------------------------------------------------------------

Trace Settings:
-------------------------
Trace Settings 

Peak Memory Usage: 396 MB



