Release 13.2 - xst O.61xd (nt64)
Copyright (c) 1995-2011 Xilinx, Inc.  All rights reserved.
--> Parameter TMPDIR set to xst/projnav.tmp


Total REAL time to Xst completion: 0.00 secs
Total CPU time to Xst completion: 0.16 secs
 
--> Parameter xsthdpdir set to xst


Total REAL time to Xst completion: 0.00 secs
Total CPU time to Xst completion: 0.16 secs
 
--> Reading design: inst_rom_display.prj

TABLE OF CONTENTS
  1) Synthesis Options Summary
  2) HDL Parsing
  3) HDL Elaboration
  4) HDL Synthesis
       4.1) HDL Synthesis Report
  5) Advanced HDL Synthesis
       5.1) Advanced HDL Synthesis Report
  6) Low Level Synthesis
  7) Partition Report
  8) Design Summary
       8.1) Primitive and Black Box Usage
       8.2) Device utilization summary
       8.3) Partition Resource Summary
       8.4) Timing Report
            8.4.1) Clock Information
            8.4.2) Asynchronous Control Signals Information
            8.4.3) Timing Summary
            8.4.4) Timing Details
            8.4.5) Cross Clock Domains Report


=========================================================================
*                      Synthesis Options Summary                        *
=========================================================================
---- Source Parameters
Input File Name                    : "inst_rom_display.prj"
Input Format                       : mixed
Ignore Synthesis Constraint File   : NO

---- Target Parameters
Output File Name                   : "inst_rom_display"
Output Format                      : NGC
Target Device                      : xc6slx150-3-fgg484

---- Source Options
Top Module Name                    : inst_rom_display
Automatic FSM Extraction           : YES
FSM Encoding Algorithm             : Auto
Safe Implementation                : No
FSM Style                          : LUT
RAM Extraction                     : Yes
RAM Style                          : Auto
ROM Extraction                     : Yes
Shift Register Extraction          : YES
ROM Style                          : Auto
Resource Sharing                   : YES
Asynchronous To Synchronous        : NO
Shift Register Minimum Size        : 2
Use DSP Block                      : Auto
Automatic Register Balancing       : No

---- Target Options
LUT Combining                      : Auto
Reduce Control Sets                : Auto
Add IO Buffers                     : YES
Global Maximum Fanout              : 100000
Add Generic Clock Buffer(BUFG)     : 16
Register Duplication               : YES
Optimize Instantiated Primitives   : NO
Use Clock Enable                   : Auto
Use Synchronous Set                : Auto
Use Synchronous Reset              : Auto
Pack IO Registers into IOBs        : Auto
Equivalent register Removal        : YES

---- General Options
Optimization Goal                  : Speed
Optimization Effort                : 1
Power Reduction                    : NO
Keep Hierarchy                     : No
Netlist Hierarchy                  : As_Optimized
RTL Output                         : Yes
Global Optimization                : AllClockNets
Read Cores                         : YES
Write Timing Constraints           : NO
Cross Clock Analysis               : NO
Hierarchy Separator                : /
Bus Delimiter                      : <>
Case Specifier                     : Maintain
Slice Utilization Ratio            : 100
BRAM Utilization Ratio             : 100
DSP48 Utilization Ratio            : 100
Auto BRAM Packing                  : NO
Slice Utilization Ratio Delta      : 5

=========================================================================


=========================================================================
*                          HDL Parsing                                  *
=========================================================================
Analyzing Verilog file \"F:\LS_CPU_LAB\5_memory\memory_async\inst_rom\lcd_module.v\" into library work
Parsing module <lcd_module>.
Analyzing Verilog file \"F:\LS_CPU_LAB\5_memory\memory_async\inst_rom\inst_rom.v\" into library work
Parsing module <inst_rom>.
Analyzing Verilog file \"F:\LS_CPU_LAB\5_memory\memory_async\inst_rom\inst_rom_display.v\" into library work
Parsing module <inst_rom_display>.

=========================================================================
*                            HDL Elaboration                            *
=========================================================================

Elaborating module <inst_rom_display>.

Elaborating module <inst_rom>.
WARNING:HDLCompiler:189 - "F:\LS_CPU_LAB\5_memory\memory_async\inst_rom\inst_rom_display.v" Line 32: Size mismatch in connection of port <addr>. Formal port size is 5-bit while actual signal size is 30-bit.

Elaborating module <lcd_module>.

=========================================================================
*                           HDL Synthesis                               *
=========================================================================

Synthesizing Unit <inst_rom_display>.
    Related source file is "f:/ls_cpu_lab/5_memory/memory_async/inst_rom/inst_rom_display.v".
    Found 1-bit register for signal <addr<30>>.
    Found 1-bit register for signal <addr<29>>.
    Found 1-bit register for signal <addr<28>>.
    Found 1-bit register for signal <addr<27>>.
    Found 1-bit register for signal <addr<26>>.
    Found 1-bit register for signal <addr<25>>.
    Found 1-bit register for signal <addr<24>>.
    Found 1-bit register for signal <addr<23>>.
    Found 1-bit register for signal <addr<22>>.
    Found 1-bit register for signal <addr<21>>.
    Found 1-bit register for signal <addr<20>>.
    Found 1-bit register for signal <addr<19>>.
    Found 1-bit register for signal <addr<18>>.
    Found 1-bit register for signal <addr<17>>.
    Found 1-bit register for signal <addr<16>>.
    Found 1-bit register for signal <addr<15>>.
    Found 1-bit register for signal <addr<14>>.
    Found 1-bit register for signal <addr<13>>.
    Found 1-bit register for signal <addr<12>>.
    Found 1-bit register for signal <addr<11>>.
    Found 1-bit register for signal <addr<10>>.
    Found 1-bit register for signal <addr<9>>.
    Found 1-bit register for signal <addr<8>>.
    Found 1-bit register for signal <addr<7>>.
    Found 1-bit register for signal <addr<6>>.
    Found 1-bit register for signal <addr<5>>.
    Found 1-bit register for signal <addr<4>>.
    Found 1-bit register for signal <addr<3>>.
    Found 1-bit register for signal <addr<2>>.
    Found 1-bit register for signal <addr<1>>.
    Found 1-bit register for signal <addr<0>>.
    Found 1-bit register for signal <display_valid>.
    Found 40-bit register for signal <display_name>.
    Found 32-bit register for signal <display_value>.
    Found 1-bit register for signal <addr<31>>.
    Summary:
	inferred 105 D-type flip-flop(s).
Unit <inst_rom_display> synthesized.

Synthesizing Unit <inst_rom>.
    Related source file is "f:/ls_cpu_lab/5_memory/memory_async/inst_rom/inst_rom.v".
    Found 32x32-bit Read Only RAM for signal <inst>
    Summary:
	inferred   1 RAM(s).
Unit <inst_rom> synthesized.

=========================================================================
HDL Synthesis Report

Macro Statistics
# RAMs                                                 : 1
 32x32-bit single-port Read Only RAM                   : 1
# Registers                                            : 31
 1-bit register                                        : 28
 32-bit register                                       : 1
 40-bit register                                       : 1
 5-bit register                                        : 1

=========================================================================

=========================================================================
*                       Advanced HDL Synthesis                          *
=========================================================================

Reading core <lcd_module.ngc>.
Reading core <lcd_rom.ngc>.
Loading core <lcd_rom> for timing and area information for instance <lcd_rom_module>.
Loading core <lcd_module> for timing and area information for instance <lcd_module>.
WARNING:Xst:1710 - FF/Latch <addr_0> (without init value) has a constant value of 0 in block <inst_rom_display>. This FF/Latch will be trimmed during the optimization process.
WARNING:Xst:1895 - Due to other FF/Latch trimming, FF/Latch <addr_1> (without init value) has a constant value of 0 in block <inst_rom_display>. This FF/Latch will be trimmed during the optimization process.
WARNING:Xst:1895 - Due to other FF/Latch trimming, FF/Latch <display_name_39> (without init value) has a constant value of 0 in block <inst_rom_display>. This FF/Latch will be trimmed during the optimization process.
WARNING:Xst:1895 - Due to other FF/Latch trimming, FF/Latch <display_name_37> (without init value) has a constant value of 0 in block <inst_rom_display>. This FF/Latch will be trimmed during the optimization process.
WARNING:Xst:1895 - Due to other FF/Latch trimming, FF/Latch <display_name_36> (without init value) has a constant value of 0 in block <inst_rom_display>. This FF/Latch will be trimmed during the optimization process.
WARNING:Xst:1895 - Due to other FF/Latch trimming, FF/Latch <display_name_34> (without init value) has a constant value of 0 in block <inst_rom_display>. This FF/Latch will be trimmed during the optimization process.
WARNING:Xst:1895 - Due to other FF/Latch trimming, FF/Latch <display_name_33> (without init value) has a constant value of 0 in block <inst_rom_display>. This FF/Latch will be trimmed during the optimization process.
WARNING:Xst:1895 - Due to other FF/Latch trimming, FF/Latch <display_name_31> (without init value) has a constant value of 0 in block <inst_rom_display>. This FF/Latch will be trimmed during the optimization process.
WARNING:Xst:1895 - Due to other FF/Latch trimming, FF/Latch <display_name_29> (without init value) has a constant value of 0 in block <inst_rom_display>. This FF/Latch will be trimmed during the optimization process.
WARNING:Xst:1895 - Due to other FF/Latch trimming, FF/Latch <display_name_28> (without init value) has a constant value of 0 in block <inst_rom_display>. This FF/Latch will be trimmed during the optimization process.
WARNING:Xst:1895 - Due to other FF/Latch trimming, FF/Latch <display_name_24> (without init value) has a constant value of 0 in block <inst_rom_display>. This FF/Latch will be trimmed during the optimization process.
WARNING:Xst:1895 - Due to other FF/Latch trimming, FF/Latch <display_name_23> (without init value) has a constant value of 0 in block <inst_rom_display>. This FF/Latch will be trimmed during the optimization process.
WARNING:Xst:1895 - Due to other FF/Latch trimming, FF/Latch <display_name_21> (without init value) has a constant value of 0 in block <inst_rom_display>. This FF/Latch will be trimmed during the optimization process.
WARNING:Xst:1895 - Due to other FF/Latch trimming, FF/Latch <display_name_19> (without init value) has a constant value of 0 in block <inst_rom_display>. This FF/Latch will be trimmed during the optimization process.
WARNING:Xst:1895 - Due to other FF/Latch trimming, FF/Latch <display_name_15> (without init value) has a constant value of 0 in block <inst_rom_display>. This FF/Latch will be trimmed during the optimization process.
WARNING:Xst:1895 - Due to other FF/Latch trimming, FF/Latch <display_name_13> (without init value) has a constant value of 0 in block <inst_rom_display>. This FF/Latch will be trimmed during the optimization process.
WARNING:Xst:1895 - Due to other FF/Latch trimming, FF/Latch <display_name_11> (without init value) has a constant value of 0 in block <inst_rom_display>. This FF/Latch will be trimmed during the optimization process.
WARNING:Xst:1895 - Due to other FF/Latch trimming, FF/Latch <display_name_8> (without init value) has a constant value of 0 in block <inst_rom_display>. This FF/Latch will be trimmed during the optimization process.
WARNING:Xst:1895 - Due to other FF/Latch trimming, FF/Latch <display_name_7> (without init value) has a constant value of 0 in block <inst_rom_display>. This FF/Latch will be trimmed during the optimization process.
WARNING:Xst:1895 - Due to other FF/Latch trimming, FF/Latch <display_name_6> (without init value) has a constant value of 0 in block <inst_rom_display>. This FF/Latch will be trimmed during the optimization process.
WARNING:Xst:1895 - Due to other FF/Latch trimming, FF/Latch <display_name_4> (without init value) has a constant value of 0 in block <inst_rom_display>. This FF/Latch will be trimmed during the optimization process.
WARNING:Xst:1895 - Due to other FF/Latch trimming, FF/Latch <display_name_3> (without init value) has a constant value of 0 in block <inst_rom_display>. This FF/Latch will be trimmed during the optimization process.
WARNING:Xst:1895 - Due to other FF/Latch trimming, FF/Latch <display_name_2> (without init value) has a constant value of 0 in block <inst_rom_display>. This FF/Latch will be trimmed during the optimization process.
WARNING:Xst:1895 - Due to other FF/Latch trimming, FF/Latch <display_name_1> (without init value) has a constant value of 0 in block <inst_rom_display>. This FF/Latch will be trimmed during the optimization process.
WARNING:Xst:1895 - Due to other FF/Latch trimming, FF/Latch <display_name_0> (without init value) has a constant value of 0 in block <inst_rom_display>. This FF/Latch will be trimmed during the optimization process.
WARNING:Xst:2404 -  FFs/Latches <display_name<39:39>> (without init value) have a constant value of 0 in block <inst_rom_display>.

Synthesizing (advanced) Unit <inst_rom>.
INFO:Xst:3231 - The small RAM <Mram_inst> will be implemented on LUTs in order to maximize performance and save block RAM resources. If you want to force its implementation on block, use option/constraint ram_style.
    -----------------------------------------------------------------------
    | ram_type           | Distributed                         |          |
    -----------------------------------------------------------------------
    | Port A                                                              |
    |     aspect ratio   | 32-word x 32-bit                    |          |
    |     weA            | connected to signal <GND>           | high     |
    |     addrA          | connected to signal <addr>          |          |
    |     diA            | connected to signal <GND>           |          |
    |     doA            | connected to signal <inst>          |          |
    -----------------------------------------------------------------------
Unit <inst_rom> synthesized (advanced).

=========================================================================
Advanced HDL Synthesis Report

Macro Statistics
# RAMs                                                 : 1
 32x32-bit single-port distributed Read Only RAM       : 1
# Registers                                            : 104
 Flip-Flops                                            : 104

=========================================================================

=========================================================================
*                         Low Level Synthesis                           *
=========================================================================
WARNING:Xst:1710 - FF/Latch <display_name_37> (without init value) has a constant value of 0 in block <inst_rom_display>. This FF/Latch will be trimmed during the optimization process.
WARNING:Xst:1895 - Due to other FF/Latch trimming, FF/Latch <display_name_36> (without init value) has a constant value of 0 in block <inst_rom_display>. This FF/Latch will be trimmed during the optimization process.
WARNING:Xst:1895 - Due to other FF/Latch trimming, FF/Latch <display_name_34> (without init value) has a constant value of 0 in block <inst_rom_display>. This FF/Latch will be trimmed during the optimization process.
WARNING:Xst:1895 - Due to other FF/Latch trimming, FF/Latch <display_name_33> (without init value) has a constant value of 0 in block <inst_rom_display>. This FF/Latch will be trimmed during the optimization process.
WARNING:Xst:1895 - Due to other FF/Latch trimming, FF/Latch <display_name_31> (without init value) has a constant value of 0 in block <inst_rom_display>. This FF/Latch will be trimmed during the optimization process.
WARNING:Xst:1895 - Due to other FF/Latch trimming, FF/Latch <display_name_29> (without init value) has a constant value of 0 in block <inst_rom_display>. This FF/Latch will be trimmed during the optimization process.
WARNING:Xst:1895 - Due to other FF/Latch trimming, FF/Latch <display_name_28> (without init value) has a constant value of 0 in block <inst_rom_display>. This FF/Latch will be trimmed during the optimization process.
WARNING:Xst:1895 - Due to other FF/Latch trimming, FF/Latch <display_name_24> (without init value) has a constant value of 0 in block <inst_rom_display>. This FF/Latch will be trimmed during the optimization process.
WARNING:Xst:1895 - Due to other FF/Latch trimming, FF/Latch <display_name_23> (without init value) has a constant value of 0 in block <inst_rom_display>. This FF/Latch will be trimmed during the optimization process.
WARNING:Xst:1895 - Due to other FF/Latch trimming, FF/Latch <display_name_21> (without init value) has a constant value of 0 in block <inst_rom_display>. This FF/Latch will be trimmed during the optimization process.
WARNING:Xst:1895 - Due to other FF/Latch trimming, FF/Latch <display_name_19> (without init value) has a constant value of 0 in block <inst_rom_display>. This FF/Latch will be trimmed during the optimization process.
WARNING:Xst:1895 - Due to other FF/Latch trimming, FF/Latch <display_name_15> (without init value) has a constant value of 0 in block <inst_rom_display>. This FF/Latch will be trimmed during the optimization process.
WARNING:Xst:1895 - Due to other FF/Latch trimming, FF/Latch <display_name_13> (without init value) has a constant value of 0 in block <inst_rom_display>. This FF/Latch will be trimmed during the optimization process.
WARNING:Xst:1895 - Due to other FF/Latch trimming, FF/Latch <display_name_11> (without init value) has a constant value of 0 in block <inst_rom_display>. This FF/Latch will be trimmed during the optimization process.
WARNING:Xst:1895 - Due to other FF/Latch trimming, FF/Latch <display_name_8> (without init value) has a constant value of 0 in block <inst_rom_display>. This FF/Latch will be trimmed during the optimization process.
WARNING:Xst:1895 - Due to other FF/Latch trimming, FF/Latch <display_name_7> (without init value) has a constant value of 0 in block <inst_rom_display>. This FF/Latch will be trimmed during the optimization process.
WARNING:Xst:1895 - Due to other FF/Latch trimming, FF/Latch <display_name_6> (without init value) has a constant value of 0 in block <inst_rom_display>. This FF/Latch will be trimmed during the optimization process.
WARNING:Xst:1895 - Due to other FF/Latch trimming, FF/Latch <display_name_4> (without init value) has a constant value of 0 in block <inst_rom_display>. This FF/Latch will be trimmed during the optimization process.
WARNING:Xst:1895 - Due to other FF/Latch trimming, FF/Latch <display_name_3> (without init value) has a constant value of 0 in block <inst_rom_display>. This FF/Latch will be trimmed during the optimization process.
WARNING:Xst:1895 - Due to other FF/Latch trimming, FF/Latch <display_name_2> (without init value) has a constant value of 0 in block <inst_rom_display>. This FF/Latch will be trimmed during the optimization process.
WARNING:Xst:1895 - Due to other FF/Latch trimming, FF/Latch <display_name_1> (without init value) has a constant value of 0 in block <inst_rom_display>. This FF/Latch will be trimmed during the optimization process.
WARNING:Xst:1895 - Due to other FF/Latch trimming, FF/Latch <display_name_0> (without init value) has a constant value of 0 in block <inst_rom_display>. This FF/Latch will be trimmed during the optimization process.
WARNING:Xst:1895 - Due to other FF/Latch trimming, FF/Latch <addr_0> (without init value) has a constant value of 0 in block <inst_rom_display>. This FF/Latch will be trimmed during the optimization process.
WARNING:Xst:1895 - Due to other FF/Latch trimming, FF/Latch <addr_1> (without init value) has a constant value of 0 in block <inst_rom_display>. This FF/Latch will be trimmed during the optimization process.
INFO:Xst:2261 - The FF/Latch <display_name_9> in Unit <inst_rom_display> is equivalent to the following FF/Latch, which will be removed : <display_name_18> 
INFO:Xst:2261 - The FF/Latch <display_name_10> in Unit <inst_rom_display> is equivalent to the following 6 FFs/Latches, which will be removed : <display_name_16> <display_name_17> <display_name_20> <display_name_25> <display_name_27> <display_name_35> 
INFO:Xst:2261 - The FF/Latch <display_valid> in Unit <inst_rom_display> is equivalent to the following 8 FFs/Latches, which will be removed : <display_name_5> <display_name_12> <display_name_14> <display_name_22> <display_name_26> <display_name_30> <display_name_32> <display_name_38> 

Optimizing unit <inst_rom_display> ...

Mapping all equations...
Building and optimizing final netlist ...
Found area constraint ratio of 100 (+ 5) on block inst_rom_display, actual ratio is 0.
INFO:Xst:2260 - The FF/Latch <lcd_draw_module/td_count_y_8> in Unit <lcd_module> is equivalent to the following FF/Latch : <lcd_draw_module/td_count_y_8_1> 
INFO:Xst:2260 - The FF/Latch <lcd_init_module/display_x_l_1> in Unit <lcd_module> is equivalent to the following 2 FFs/Latches : <lcd_init_module/display_x_l_1_1> <lcd_init_module/display_x_l_1_2> 
INFO:Xst:2260 - The FF/Latch <lcd_draw_module/display_count_x_4> in Unit <lcd_module> is equivalent to the following FF/Latch : <lcd_draw_module/display_count_x_4_1> 
INFO:Xst:2260 - The FF/Latch <lcd_init_module/display_x_l_2> in Unit <lcd_module> is equivalent to the following 2 FFs/Latches : <lcd_init_module/display_x_l_2_1> <lcd_init_module/display_x_l_2_2> 
INFO:Xst:2260 - The FF/Latch <lcd_init_module/display_x_l_0> in Unit <lcd_module> is equivalent to the following 2 FFs/Latches : <lcd_init_module/display_x_l_0_1> <lcd_init_module/display_x_l_0_2> 
INFO:Xst:2260 - The FF/Latch <lcd_draw_module/td_count_y_7> in Unit <lcd_module> is equivalent to the following FF/Latch : <lcd_draw_module/td_count_y_7_1> 
INFO:Xst:2260 - The FF/Latch <lcd_init_module/display_y_1> in Unit <lcd_module> is equivalent to the following 3 FFs/Latches : <lcd_init_module/display_y_1_1> <lcd_init_module/display_y_1_2> <lcd_init_module/display_y_1_3> 
INFO:Xst:2260 - The FF/Latch <lcd_init_module/display_y_2> in Unit <lcd_module> is equivalent to the following FF/Latch : <lcd_init_module/display_y_2_1> 
INFO:Xst:2260 - The FF/Latch <lcd_init_module/display_y_0> in Unit <lcd_module> is equivalent to the following FF/Latch : <lcd_init_module/display_y_0_1> 
INFO:Xst:2260 - The FF/Latch <lcd_init_module/display_y_3> in Unit <lcd_module> is equivalent to the following 2 FFs/Latches : <lcd_init_module/display_y_3_1> <lcd_init_module/display_y_3_2> 
INFO:Xst:2260 - The FF/Latch <lcd_init_module/display_y_4> in Unit <lcd_module> is equivalent to the following FF/Latch : <lcd_init_module/display_y_4_1> 
INFO:Xst:2260 - The FF/Latch <lcd_draw_module/td_count_y_8> in Unit <lcd_module> is equivalent to the following FF/Latch : <lcd_draw_module/td_count_y_8_1> 
INFO:Xst:2260 - The FF/Latch <lcd_init_module/display_x_l_1> in Unit <lcd_module> is equivalent to the following 2 FFs/Latches : <lcd_init_module/display_x_l_1_1> <lcd_init_module/display_x_l_1_2> 
INFO:Xst:2260 - The FF/Latch <lcd_draw_module/display_count_x_4> in Unit <lcd_module> is equivalent to the following FF/Latch : <lcd_draw_module/display_count_x_4_1> 
INFO:Xst:2260 - The FF/Latch <lcd_init_module/display_x_l_2> in Unit <lcd_module> is equivalent to the following 2 FFs/Latches : <lcd_init_module/display_x_l_2_1> <lcd_init_module/display_x_l_2_2> 
INFO:Xst:2260 - The FF/Latch <lcd_init_module/display_x_l_0> in Unit <lcd_module> is equivalent to the following 2 FFs/Latches : <lcd_init_module/display_x_l_0_1> <lcd_init_module/display_x_l_0_2> 
INFO:Xst:2260 - The FF/Latch <lcd_draw_module/td_count_y_7> in Unit <lcd_module> is equivalent to the following FF/Latch : <lcd_draw_module/td_count_y_7_1> 
INFO:Xst:2260 - The FF/Latch <lcd_init_module/display_y_1> in Unit <lcd_module> is equivalent to the following 3 FFs/Latches : <lcd_init_module/display_y_1_1> <lcd_init_module/display_y_1_2> <lcd_init_module/display_y_1_3> 
INFO:Xst:2260 - The FF/Latch <lcd_init_module/display_y_2> in Unit <lcd_module> is equivalent to the following FF/Latch : <lcd_init_module/display_y_2_1> 
INFO:Xst:2260 - The FF/Latch <lcd_init_module/display_y_0> in Unit <lcd_module> is equivalent to the following FF/Latch : <lcd_init_module/display_y_0_1> 
INFO:Xst:2260 - The FF/Latch <lcd_init_module/display_y_3> in Unit <lcd_module> is equivalent to the following 2 FFs/Latches : <lcd_init_module/display_y_3_1> <lcd_init_module/display_y_3_2> 
INFO:Xst:2260 - The FF/Latch <lcd_init_module/display_y_4> in Unit <lcd_module> is equivalent to the following FF/Latch : <lcd_init_module/display_y_4_1> 

Final Macro Processing ...

=========================================================================
Final Register Report

Macro Statistics
# Registers                                            : 65
 Flip-Flops                                            : 65

=========================================================================

=========================================================================
*                           Partition Report                            *
=========================================================================

Partition Implementation Status
-------------------------------

  No Partitions were found in this design.

-------------------------------

=========================================================================
*                            Design Summary                             *
=========================================================================

Top Level Output File Name         : inst_rom_display.ngc

Primitive and Black Box Usage:
------------------------------
# BELS                             : 921
#      GND                         : 3
#      INV                         : 25
#      LUT1                        : 63
#      LUT2                        : 38
#      LUT3                        : 85
#      LUT4                        : 79
#      LUT5                        : 143
#      LUT6                        : 320
#      MUXCY                       : 63
#      MUXF7                       : 31
#      VCC                         : 2
#      XORCY                       : 69
# FlipFlops/Latches                : 342
#      FD                          : 59
#      FDE                         : 64
#      FDR                         : 76
#      FDRE                        : 137
#      FDS                         : 6
# RAMS                             : 2
#      RAMB16BWER                  : 2
# Clock Buffers                    : 2
#      BUFG                        : 1
#      BUFGP                       : 1
# IO Buffers                       : 27
#      IBUF                        : 1
#      IOBUF                       : 2
#      OBUF                        : 24

Device utilization summary:
---------------------------

Selected Device : 6slx150fgg484-3 


Slice Logic Utilization: 
 Number of Slice Registers:             342  out of  184304     0%  
 Number of Slice LUTs:                  753  out of  92152     0%  
    Number used as Logic:               753  out of  92152     0%  

Slice Logic Distribution: 
 Number of LUT Flip Flop pairs used:    878
   Number with an unused Flip Flop:     536  out of    878    61%  
   Number with an unused LUT:           125  out of    878    14%  
   Number of fully used LUT-FF pairs:   217  out of    878    24%  
   Number of unique control sets:        48

IO Utilization: 
 Number of IOs:                          28
 Number of bonded IOBs:                  28  out of    338     8%  

Specific Feature Utilization:
 Number of Block RAM/FIFO:                2  out of    268     0%  
    Number using Block RAM only:          2
 Number of BUFG/BUFGCTRLs:                2  out of     16    12%  

---------------------------
Partition Resource Summary:
---------------------------

  No Partitions were found in this design.

---------------------------


=========================================================================
Timing Report

NOTE: THESE TIMING NUMBERS ARE ONLY A SYNTHESIS ESTIMATE.
      FOR ACCURATE TIMING INFORMATION PLEASE REFER TO THE TRACE REPORT
      GENERATED AFTER PLACE-and-ROUTE.

Clock Information:
------------------
-----------------------------------+----------------------------------------------------------------------------------------------------------------------------------------------------+-------+
Clock Signal                       | Clock buffer(FF name)                                                                                                                              | Load  |
-----------------------------------+----------------------------------------------------------------------------------------------------------------------------------------------------+-------+
clk                                | BUFGP                                                                                                                                              | 221   |
lcd_module/double_clk              | BUFG                                                                                                                                               | 123   |
lcd_module/lcd_rom_module/N1       | NONE(lcd_module/lcd_rom_module/U0/xst_blk_mem_generator/gnativebmg.native_blk_mem_gen/valid.cstr/ramloop[1].ram.r/s6_init.ram/SP.SIMPLE_PRIM18.ram)| 2     |
-----------------------------------+----------------------------------------------------------------------------------------------------------------------------------------------------+-------+
INFO:Xst:2169 - HDL ADVISOR - Some clock signals were not automatically buffered by XST with BUFG/BUFR resources. Please use the buffer_type constraint in order to insert these buffers to the clock signals to help prevent skew problems.

Asynchronous Control Signals Information:
----------------------------------------
No asynchronous control signals found in this design

Timing Summary:
---------------
Speed Grade: -3

   Minimum period: 9.562ns (Maximum Frequency: 104.584MHz)
   Minimum input arrival time before clock: 3.803ns
   Maximum output required time after clock: 8.866ns
   Maximum combinational path delay: No path found

Timing Details:
---------------
All values displayed in nanoseconds (ns)

=========================================================================
Timing constraint: Default period analysis for Clock 'clk'
  Clock period: 9.562ns (frequency: 104.584MHz)
  Total number of paths / destination ports: 5355 / 442
-------------------------------------------------------------------------
Delay:               9.562ns (Levels of Logic = 8)
  Source:            display_valid (FF)
  Destination:       lcd_module/lcd_rom_module/U0/xst_blk_mem_generator/gnativebmg.native_blk_mem_gen/valid.cstr/ramloop[1].ram.r/s6_init.ram/SP.SIMPLE_PRIM18.ram (RAM)
  Source Clock:      clk rising
  Destination Clock: clk rising

  Data Path: display_valid to lcd_module/lcd_rom_module/U0/xst_blk_mem_generator/gnativebmg.native_blk_mem_gen/valid.cstr/ramloop[1].ram.r/s6_init.ram/SP.SIMPLE_PRIM18.ram
                                Gate     Net
    Cell:in->out      fanout   Delay   Delay  Logical Name (Net Name)
    ----------------------------------------  ------------
     FD:C->Q              10   0.447   1.104  display_valid (display_valid)
     begin scope: 'lcd_module:display_name<30>'
     LUT6:I2->O            1   0.203   0.924  lcd_draw_module/Mmux_draw_char222 (lcd_draw_module/Mmux_draw_char221)
     LUT6:I1->O            6   0.203   0.849  lcd_draw_module/Mmux_draw_char223 (lcd_draw_module/draw_char<6>)
     LUT3:I1->O            2   0.203   0.981  lcd_draw_module/draw_char[7]_GND_3_o_equal_125_o<7>11 (lcd_draw_module/draw_char[7]_GND_3_o_equal_125_o<7>1)
     LUT6:I0->O            4   0.203   1.048  lcd_draw_module/GND_3_o_draw_char[7]_AND_36_o1 (lcd_draw_module/GND_3_o_draw_char[7]_AND_36_o)
     LUT6:I0->O            1   0.203   0.924  lcd_draw_module/Mmux_draw_rom_pc16211 (lcd_draw_module/Mmux_draw_rom_pc1621)
     LUT6:I1->O            3   0.203   0.898  lcd_draw_module/Mmux_draw_rom_pc1651 (lcd_draw_module/Mmux_draw_rom_pc165)
     LUT6:I2->O            2   0.203   0.616  Mmux_rom_addr98 (rom_addr<8>)
     begin scope: 'lcd_module/lcd_rom_module:addra<8>'
     RAMB16BWER:ADDRA12        0.350          U0/xst_blk_mem_generator/gnativebmg.native_blk_mem_gen/valid.cstr/ramloop[0].ram.r/s6_init.ram/SP.SIMPLE_PRIM18.ram
    ----------------------------------------
    Total                      9.562ns (2.218ns logic, 7.344ns route)
                                       (23.2% logic, 76.8% route)

=========================================================================
Timing constraint: Default period analysis for Clock 'lcd_module/double_clk'
  Clock period: 6.162ns (frequency: 162.294MHz)
  Total number of paths / destination ports: 5986 / 278
-------------------------------------------------------------------------
Delay:               6.162ns (Levels of Logic = 5)
  Source:            lcd_module/lcd_draw_module/td_count_y_4 (FF)
  Destination:       lcd_module/lcd_draw_module/draw_block_number_1 (FF)
  Source Clock:      lcd_module/double_clk rising
  Destination Clock: lcd_module/double_clk rising

  Data Path: lcd_module/lcd_draw_module/td_count_y_4 to lcd_module/lcd_draw_module/draw_block_number_1
                                Gate     Net
    Cell:in->out      fanout   Delay   Delay  Logical Name (Net Name)
    ----------------------------------------  ------------
     FDR:C->Q              8   0.447   1.147  lcd_draw_module/td_count_y_4 (lcd_draw_module/td_count_y<4>)
     LUT6:I1->O           14   0.203   0.958  lcd_draw_module/td_count_y[8]_PWR_3_o_equal_35_o<8>11 (lcd_draw_module/td_count_y[8]_PWR_3_o_equal_35_o<8>1)
     LUT4:I3->O           10   0.205   0.857  lcd_draw_module/td_count_y[8]_PWR_3_o_equal_35_o<8>2 (lcd_draw_module/td_count_y[8]_PWR_3_o_equal_35_o)
     LUT6:I5->O           11   0.205   0.883  lcd_draw_module/Mmux_draw_block_end15 (lcd_draw_module/draw_block_end)
     LUT6:I5->O            6   0.205   0.745  lcd_draw_module/Mcount_draw_block_number_val (lcd_draw_module/Mcount_draw_block_number_val)
     LUT4:I3->O            1   0.205   0.000  lcd_draw_module/draw_block_number_4_rstpot (lcd_draw_module/draw_block_number_4_rstpot)
     FD:D                      0.102          lcd_draw_module/draw_block_number_4
    ----------------------------------------
    Total                      6.162ns (1.572ns logic, 4.590ns route)
                                       (25.5% logic, 74.5% route)

=========================================================================
Timing constraint: Default OFFSET IN BEFORE for Clock 'clk'
  Total number of paths / destination ports: 67 / 67
-------------------------------------------------------------------------
Offset:              3.803ns (Levels of Logic = 2)
  Source:            resetn (PAD)
  Destination:       addr_30 (FF)
  Destination Clock: clk rising

  Data Path: resetn to addr_30
                                Gate     Net
    Cell:in->out      fanout   Delay   Delay  Logical Name (Net Name)
    ----------------------------------------  ------------
     IBUF:I->O             4   1.222   0.683  resetn_IBUF (resetn_IBUF)
     INV:I->O             30   0.206   1.263  resetn_inv281_INV_0 (resetn_inv)
     FDRE:R                    0.430          addr_23
    ----------------------------------------
    Total                      3.803ns (1.858ns logic, 1.945ns route)
                                       (48.9% logic, 51.1% route)

=========================================================================
Timing constraint: Default OFFSET OUT AFTER for Clock 'lcd_module/double_clk'
  Total number of paths / destination ports: 332 / 18
-------------------------------------------------------------------------
Offset:              8.866ns (Levels of Logic = 7)
  Source:            lcd_module/lcd_init_module/init_rom_pc_8 (FF)
  Destination:       lcd_data_io<15> (PAD)
  Source Clock:      lcd_module/double_clk rising

  Data Path: lcd_module/lcd_init_module/init_rom_pc_8 to lcd_data_io<15>
                                Gate     Net
    Cell:in->out      fanout   Delay   Delay  Logical Name (Net Name)
    ----------------------------------------  ------------
     FDRE:C->Q             3   0.447   0.995  lcd_init_module/init_rom_pc_8 (lcd_init_module/init_rom_pc<8>)
     LUT5:I0->O            2   0.203   0.617  lcd_init_module/init_rom_pc[10]_init_rs_part_AND_24_o11 (lcd_init_module/init_rom_pc[10]_init_rs_part_AND_24_o1)
     LUT5:I4->O           12   0.205   0.909  lcd_init_module/init_rom_pc[10]_init_rs_part_AND_25_o11 (lcd_init_module/init_rom_pc[10]_init_rs_part_AND_25_o1)
     LUT3:I2->O            8   0.205   1.147  lcd_init_module/init_rom_pc[10]_PWR_2_o_equal_3_o<10>1 (lcd_init_module/init_rom_pc[10]_PWR_2_o_equal_3_o)
     LUT6:I1->O            1   0.203   0.580  Mmux_lcd_data_io161 (Mmux_lcd_data_io16)
     LUT3:I2->O            1   0.205   0.579  Mmux_lcd_data_io162 (lcd_data_io<9>)
     end scope: 'lcd_module:lcd_data_io<9>'
     OBUF:I->O                 2.571          lcd_data_io_9_OBUF (lcd_data_io<9>)
    ----------------------------------------
    Total                      8.866ns (4.039ns logic, 4.827ns route)
                                       (45.6% logic, 54.4% route)

=========================================================================
Timing constraint: Default OFFSET OUT AFTER for Clock 'clk'
  Total number of paths / destination ports: 50 / 23
-------------------------------------------------------------------------
Offset:              7.528ns (Levels of Logic = 5)
  Source:            lcd_module/lcd_rom_module/U0/xst_blk_mem_generator/gnativebmg.native_blk_mem_gen/valid.cstr/ramloop[0].ram.r/s6_init.ram/SP.SIMPLE_PRIM18.ram (RAM)
  Destination:       lcd_data_io<7> (PAD)
  Source Clock:      clk rising

  Data Path: lcd_module/lcd_rom_module/U0/xst_blk_mem_generator/gnativebmg.native_blk_mem_gen/valid.cstr/ramloop[0].ram.r/s6_init.ram/SP.SIMPLE_PRIM18.ram to lcd_data_io<7>
                                Gate     Net
    Cell:in->out      fanout   Delay   Delay  Logical Name (Net Name)
    ----------------------------------------  ------------
     RAMB16BWER:CLKA->DOA14    3   1.850   0.755  U0/xst_blk_mem_generator/gnativebmg.native_blk_mem_gen/valid.cstr/ramloop[0].ram.r/s6_init.ram/SP.SIMPLE_PRIM18.ram (douta<15>)
     end scope: 'lcd_module/lcd_rom_module:douta<15>'
     LUT3:I1->O            1   0.203   0.580  Mmux_lcd_data_io141 (Mmux_lcd_data_io14)
     LUT6:I5->O            1   0.205   0.580  Mmux_lcd_data_io142 (Mmux_lcd_data_io141)
     LUT3:I2->O            1   0.205   0.579  Mmux_lcd_data_io143 (lcd_data_io<7>)
     end scope: 'lcd_module:lcd_data_io<7>'
     OBUF:I->O                 2.571          lcd_data_io_7_OBUF (lcd_data_io<7>)
    ----------------------------------------
    Total                      7.528ns (5.034ns logic, 2.494ns route)
                                       (66.9% logic, 33.1% route)

=========================================================================

Cross Clock Domains Report:
--------------------------

Clock to Setup on destination clock clk
---------------------+---------+---------+---------+---------+
                     | Src:Rise| Src:Fall| Src:Rise| Src:Fall|
Source Clock         |Dest:Rise|Dest:Rise|Dest:Fall|Dest:Fall|
---------------------+---------+---------+---------+---------+
clk                  |    9.562|         |         |         |
lcd_module/double_clk|   11.969|         |         |         |
---------------------+---------+---------+---------+---------+

Clock to Setup on destination clock lcd_module/double_clk
---------------------+---------+---------+---------+---------+
                     | Src:Rise| Src:Fall| Src:Rise| Src:Fall|
Source Clock         |Dest:Rise|Dest:Rise|Dest:Fall|Dest:Fall|
---------------------+---------+---------+---------+---------+
clk                  |    7.219|         |         |         |
lcd_module/double_clk|    6.162|         |         |         |
---------------------+---------+---------+---------+---------+

=========================================================================


Total REAL time to Xst completion: 8.00 secs
Total CPU time to Xst completion: 8.16 secs
 
--> 

Total memory usage is 246508 kilobytes

Number of errors   :    0 (   0 filtered)
Number of warnings :   51 (   0 filtered)
Number of infos    :   27 (   0 filtered)

