Release 13.2 - xst O.61xd (nt64)
Copyright (c) 1995-2011 Xilinx, Inc.  All rights reserved.
--> Parameter TMPDIR set to xst/projnav.tmp


Total REAL time to Xst completion: 0.00 secs
Total CPU time to Xst completion: 0.09 secs
 
--> Parameter xsthdpdir set to xst


Total REAL time to Xst completion: 0.00 secs
Total CPU time to Xst completion: 0.09 secs
 
--> Reading design: adder_display.prj

TABLE OF CONTENTS
  1) Synthesis Options Summary
  2) HDL Parsing
  3) HDL Elaboration
  4) HDL Synthesis
       4.1) HDL Synthesis Report
  5) Advanced HDL Synthesis
       5.1) Advanced HDL Synthesis Report
  6) Low Level Synthesis
  7) Partition Report
  8) Design Summary
       8.1) Primitive and Black Box Usage
       8.2) Device utilization summary
       8.3) Partition Resource Summary
       8.4) Timing Report
            8.4.1) Clock Information
            8.4.2) Asynchronous Control Signals Information
            8.4.3) Timing Summary
            8.4.4) Timing Details
            8.4.5) Cross Clock Domains Report


=========================================================================
*                      Synthesis Options Summary                        *
=========================================================================
---- Source Parameters
Input File Name                    : "adder_display.prj"
Input Format                       : mixed
Ignore Synthesis Constraint File   : NO

---- Target Parameters
Output File Name                   : "adder_display"
Output Format                      : NGC
Target Device                      : xc6slx150-3-fgg484

---- Source Options
Top Module Name                    : adder_display
Automatic FSM Extraction           : YES
FSM Encoding Algorithm             : Auto
Safe Implementation                : No
FSM Style                          : LUT
RAM Extraction                     : Yes
RAM Style                          : Auto
ROM Extraction                     : Yes
Shift Register Extraction          : YES
ROM Style                          : Auto
Resource Sharing                   : YES
Asynchronous To Synchronous        : NO
Shift Register Minimum Size        : 2
Use DSP Block                      : Auto
Automatic Register Balancing       : No

---- Target Options
LUT Combining                      : Auto
Reduce Control Sets                : Auto
Add IO Buffers                     : YES
Global Maximum Fanout              : 100000
Add Generic Clock Buffer(BUFG)     : 16
Register Duplication               : YES
Optimize Instantiated Primitives   : NO
Use Clock Enable                   : Auto
Use Synchronous Set                : Auto
Use Synchronous Reset              : Auto
Pack IO Registers into IOBs        : Auto
Equivalent register Removal        : YES

---- General Options
Optimization Goal                  : Speed
Optimization Effort                : 1
Power Reduction                    : NO
Keep Hierarchy                     : No
Netlist Hierarchy                  : As_Optimized
RTL Output                         : Yes
Global Optimization                : AllClockNets
Read Cores                         : YES
Write Timing Constraints           : NO
Cross Clock Analysis               : NO
Hierarchy Separator                : /
Bus Delimiter                      : <>
Case Specifier                     : Maintain
Slice Utilization Ratio            : 100
BRAM Utilization Ratio             : 100
DSP48 Utilization Ratio            : 100
Auto BRAM Packing                  : NO
Slice Utilization Ratio Delta      : 5

=========================================================================


=========================================================================
*                          HDL Parsing                                  *
=========================================================================
Analyzing Verilog file \"C:\Users\CSLab\Documents\ADD\Add\lcd_module.v\" into library work
Parsing module <lcd_module>.
Analyzing Verilog file \"C:\Users\CSLab\Documents\ADD\Add\adder.v\" into library work
Parsing module <adder>.
Analyzing Verilog file \"C:\Users\CSLab\Documents\ADD\Add\adder_display.v\" into library work
Parsing module <adder_display>.

=========================================================================
*                            HDL Elaboration                            *
=========================================================================

Elaborating module <adder_display>.

Elaborating module <adder>.

Elaborating module <lcd_module>.

=========================================================================
*                           HDL Synthesis                               *
=========================================================================

Synthesizing Unit <adder_display>.
    Related source file is "c:/users/cslab/documents/add/add/adder_display.v".
    Found 32-bit register for signal <adder_operand2>.
    Found 32-bit register for signal <adder_operand3>.
    Found 32-bit register for signal <adder_operand4>.
    Found 32-bit register for signal <adder_operand5>.
    Found 1-bit register for signal <display_valid>.
    Found 40-bit register for signal <display_name>.
    Found 32-bit register for signal <display_value>.
    Found 32-bit register for signal <adder_operand1>.
    Found 8x40-bit Read Only RAM for signal <_n0100>
    Found 32-bit 8-to-1 multiplexer for signal <_n0116> created at line 168.
    Summary:
	inferred   1 RAM(s).
	inferred 233 D-type flip-flop(s).
	inferred   1 Multiplexer(s).
Unit <adder_display> synthesized.

Synthesizing Unit <adder>.
    Related source file is "c:/users/cslab/documents/add/add/adder.v".
    Found 33-bit adder for signal <n0023> created at line 18.
    Found 33-bit adder for signal <n0026> created at line 18.
    Found 33-bit adder for signal <n0029> created at line 18.
    Found 33-bit adder for signal <n0032> created at line 18.
    Found 33-bit adder for signal <n0010> created at line 18.
    Summary:
	inferred   5 Adder/Subtractor(s).
Unit <adder> synthesized.

=========================================================================
HDL Synthesis Report

Macro Statistics
# RAMs                                                 : 1
 8x40-bit single-port Read Only RAM                    : 1
# Adders/Subtractors                                   : 5
 33-bit adder                                          : 5
# Registers                                            : 8
 1-bit register                                        : 1
 32-bit register                                       : 6
 40-bit register                                       : 1
# Multiplexers                                         : 1
 32-bit 8-to-1 multiplexer                             : 1

=========================================================================

=========================================================================
*                       Advanced HDL Synthesis                          *
=========================================================================

Reading core <lcd_module.ngc>.
Reading core <lcd_rom.ngc>.
Loading core <lcd_rom> for timing and area information for instance <lcd_rom_module>.
Loading core <lcd_module> for timing and area information for instance <lcd_module>.

Synthesizing (advanced) Unit <adder>.
	The following adders/subtractors are grouped into adder tree <Madd_n0010_Madd1> :
 	<Madd_n0023> in block <adder>, 	<Madd_n0026> in block <adder>, 	<Madd_n0029> in block <adder>, 	<Madd_n0010_Madd> in block <adder>.
Unit <adder> synthesized (advanced).

Synthesizing (advanced) Unit <adder_display>.
INFO:Xst:3231 - The small RAM <Mram__n0100> will be implemented on LUTs in order to maximize performance and save block RAM resources. If you want to force its implementation on block, use option/constraint ram_style.
    -----------------------------------------------------------------------
    | ram_type           | Distributed                         |          |
    -----------------------------------------------------------------------
    | Port A                                                              |
    |     aspect ratio   | 8-word x 40-bit                     |          |
    |     weA            | connected to signal <GND>           | high     |
    |     addrA          | connected to signal <display_number<2:0>> |          |
    |     diA            | connected to signal <GND>           |          |
    |     doA            | connected to internal node          |          |
    -----------------------------------------------------------------------
Unit <adder_display> synthesized (advanced).

=========================================================================
Advanced HDL Synthesis Report

Macro Statistics
# RAMs                                                 : 1
 8x40-bit single-port distributed Read Only RAM        : 1
# Adder Trees                                          : 1
 33-bit / 5-inputs adder tree                          : 1
# Registers                                            : 233
 Flip-Flops                                            : 233
# Multiplexers                                         : 32
 1-bit 8-to-1 multiplexer                              : 32

=========================================================================

=========================================================================
*                         Low Level Synthesis                           *
=========================================================================
WARNING:Xst:1710 - FF/Latch <display_name_7> (without init value) has a constant value of 0 in block <adder_display>. This FF/Latch will be trimmed during the optimization process.
WARNING:Xst:1895 - Due to other FF/Latch trimming, FF/Latch <display_name_15> (without init value) has a constant value of 0 in block <adder_display>. This FF/Latch will be trimmed during the optimization process.
WARNING:Xst:1895 - Due to other FF/Latch trimming, FF/Latch <display_name_19> (without init value) has a constant value of 0 in block <adder_display>. This FF/Latch will be trimmed during the optimization process.
WARNING:Xst:1895 - Due to other FF/Latch trimming, FF/Latch <display_name_21> (without init value) has a constant value of 0 in block <adder_display>. This FF/Latch will be trimmed during the optimization process.
WARNING:Xst:1895 - Due to other FF/Latch trimming, FF/Latch <display_name_23> (without init value) has a constant value of 0 in block <adder_display>. This FF/Latch will be trimmed during the optimization process.
WARNING:Xst:1895 - Due to other FF/Latch trimming, FF/Latch <display_name_25> (without init value) has a constant value of 0 in block <adder_display>. This FF/Latch will be trimmed during the optimization process.
WARNING:Xst:1895 - Due to other FF/Latch trimming, FF/Latch <display_name_27> (without init value) has a constant value of 0 in block <adder_display>. This FF/Latch will be trimmed during the optimization process.
WARNING:Xst:1895 - Due to other FF/Latch trimming, FF/Latch <display_name_28> (without init value) has a constant value of 0 in block <adder_display>. This FF/Latch will be trimmed during the optimization process.
WARNING:Xst:1895 - Due to other FF/Latch trimming, FF/Latch <display_name_29> (without init value) has a constant value of 0 in block <adder_display>. This FF/Latch will be trimmed during the optimization process.
WARNING:Xst:1895 - Due to other FF/Latch trimming, FF/Latch <display_name_31> (without init value) has a constant value of 0 in block <adder_display>. This FF/Latch will be trimmed during the optimization process.
WARNING:Xst:1895 - Due to other FF/Latch trimming, FF/Latch <display_name_34> (without init value) has a constant value of 0 in block <adder_display>. This FF/Latch will be trimmed during the optimization process.
WARNING:Xst:1895 - Due to other FF/Latch trimming, FF/Latch <display_name_35> (without init value) has a constant value of 0 in block <adder_display>. This FF/Latch will be trimmed during the optimization process.
WARNING:Xst:1895 - Due to other FF/Latch trimming, FF/Latch <display_name_37> (without init value) has a constant value of 0 in block <adder_display>. This FF/Latch will be trimmed during the optimization process.
WARNING:Xst:1895 - Due to other FF/Latch trimming, FF/Latch <display_name_39> (without init value) has a constant value of 0 in block <adder_display>. This FF/Latch will be trimmed during the optimization process.
INFO:Xst:2261 - The FF/Latch <display_name_3> in Unit <adder_display> is equivalent to the following 3 FFs/Latches, which will be removed : <display_name_6> <display_name_16> <display_name_17> 
INFO:Xst:2261 - The FF/Latch <display_name_5> in Unit <adder_display> is equivalent to the following FF/Latch, which will be removed : <display_name_11> 
INFO:Xst:2261 - The FF/Latch <display_name_20> in Unit <adder_display> is equivalent to the following 3 FFs/Latches, which will be removed : <display_name_24> <display_name_33> <display_name_36> 
INFO:Xst:2261 - The FF/Latch <display_name_10> in Unit <adder_display> is equivalent to the following 4 FFs/Latches, which will be removed : <display_name_12> <display_name_26> <display_name_30> <display_name_38> 
INFO:Xst:2261 - The FF/Latch <display_name_8> in Unit <adder_display> is equivalent to the following 2 FFs/Latches, which will be removed : <display_name_14> <display_name_22> 
INFO:Xst:2261 - The FF/Latch <display_name_4> in Unit <adder_display> is equivalent to the following 3 FFs/Latches, which will be removed : <display_name_9> <display_name_18> <display_name_32> 

Optimizing unit <adder_display> ...
INFO:Xst:2261 - The FF/Latch <display_valid> in Unit <adder_display> is equivalent to the following FF/Latch, which will be removed : <display_name_8> 

Mapping all equations...
Building and optimizing final netlist ...
Found area constraint ratio of 100 (+ 5) on block adder_display, actual ratio is 0.
INFO:Xst:2260 - The FF/Latch <lcd_init_module/display_x_l_2> in Unit <lcd_module> is equivalent to the following FF/Latch : <lcd_init_module/display_x_l_2_1> 
INFO:Xst:2260 - The FF/Latch <lcd_init_module/display_y_1> in Unit <lcd_module> is equivalent to the following FF/Latch : <lcd_init_module/display_y_1_1> 
INFO:Xst:2260 - The FF/Latch <lcd_init_module/display_y_3> in Unit <lcd_module> is equivalent to the following FF/Latch : <lcd_init_module/display_y_3_1> 
INFO:Xst:2260 - The FF/Latch <lcd_init_module/display_x_l_2> in Unit <lcd_module> is equivalent to the following FF/Latch : <lcd_init_module/display_x_l_2_1> 
INFO:Xst:2260 - The FF/Latch <lcd_init_module/display_y_1> in Unit <lcd_module> is equivalent to the following FF/Latch : <lcd_init_module/display_y_1_1> 
INFO:Xst:2260 - The FF/Latch <lcd_init_module/display_y_3> in Unit <lcd_module> is equivalent to the following FF/Latch : <lcd_init_module/display_y_3_1> 

Final Macro Processing ...

=========================================================================
Final Register Report

Macro Statistics
# Registers                                            : 202
 Flip-Flops                                            : 202

=========================================================================

=========================================================================
*                           Partition Report                            *
=========================================================================

Partition Implementation Status
-------------------------------

  No Partitions were found in this design.

-------------------------------

=========================================================================
*                            Design Summary                             *
=========================================================================

Top Level Output File Name         : adder_display.ngc

Primitive and Black Box Usage:
------------------------------
# BELS                             : 1272
#      GND                         : 3
#      INV                         : 25
#      LUT1                        : 63
#      LUT2                        : 39
#      LUT3                        : 156
#      LUT4                        : 162
#      LUT5                        : 129
#      LUT6                        : 368
#      MUXCY                       : 127
#      MUXF7                       : 63
#      VCC                         : 2
#      XORCY                       : 135
# FlipFlops/Latches                : 465
#      FD                          : 25
#      FDE                         : 64
#      FDR                         : 115
#      FDRE                        : 255
#      FDS                         : 6
# RAMS                             : 2
#      RAMB16BWER                  : 2
# Clock Buffers                    : 2
#      BUFG                        : 1
#      BUFGP                       : 1
# IO Buffers                       : 34
#      IBUF                        : 7
#      IOBUF                       : 2
#      OBUF                        : 25

Device utilization summary:
---------------------------

Selected Device : 6slx150fgg484-3 


Slice Logic Utilization: 
 Number of Slice Registers:             465  out of  184304     0%  
 Number of Slice LUTs:                  942  out of  92152     1%  
    Number used as Logic:               942  out of  92152     1%  

Slice Logic Distribution: 
 Number of LUT Flip Flop pairs used:   1085
   Number with an unused Flip Flop:     620  out of   1085    57%  
   Number with an unused LUT:           143  out of   1085    13%  
   Number of fully used LUT-FF pairs:   322  out of   1085    29%  
   Number of unique control sets:        53

IO Utilization: 
 Number of IOs:                          35
 Number of bonded IOBs:                  35  out of    338    10%  

Specific Feature Utilization:
 Number of Block RAM/FIFO:                2  out of    268     0%  
    Number using Block RAM only:          2
 Number of BUFG/BUFGCTRLs:                2  out of     16    12%  

---------------------------
Partition Resource Summary:
---------------------------

  No Partitions were found in this design.

---------------------------


=========================================================================
Timing Report

NOTE: THESE TIMING NUMBERS ARE ONLY A SYNTHESIS ESTIMATE.
      FOR ACCURATE TIMING INFORMATION PLEASE REFER TO THE TRACE REPORT
      GENERATED AFTER PLACE-and-ROUTE.

Clock Information:
------------------
-----------------------------------+----------------------------------------------------------------------------------------------------------------------------------------------------+-------+
Clock Signal                       | Clock buffer(FF name)                                                                                                                              | Load  |
-----------------------------------+----------------------------------------------------------------------------------------------------------------------------------------------------+-------+
clk                                | BUFGP                                                                                                                                              | 358   |
lcd_module/double_clk              | BUFG                                                                                                                                               | 109   |
lcd_module/lcd_rom_module/N1       | NONE(lcd_module/lcd_rom_module/U0/xst_blk_mem_generator/gnativebmg.native_blk_mem_gen/valid.cstr/ramloop[1].ram.r/s6_init.ram/SP.SIMPLE_PRIM18.ram)| 2     |
-----------------------------------+----------------------------------------------------------------------------------------------------------------------------------------------------+-------+
INFO:Xst:2169 - HDL ADVISOR - Some clock signals were not automatically buffered by XST with BUFG/BUFR resources. Please use the buffer_type constraint in order to insert these buffers to the clock signals to help prevent skew problems.

Asynchronous Control Signals Information:
----------------------------------------
No asynchronous control signals found in this design

Timing Summary:
---------------
Speed Grade: -3

   Minimum period: 9.536ns (Maximum Frequency: 104.866MHz)
   Minimum input arrival time before clock: 5.783ns
   Maximum output required time after clock: 8.866ns
   Maximum combinational path delay: 7.697ns

Timing Details:
---------------
All values displayed in nanoseconds (ns)

=========================================================================
Timing constraint: Default period analysis for Clock 'clk'
  Clock period: 9.536ns (frequency: 104.866MHz)
  Total number of paths / destination ports: 147048 / 702
-------------------------------------------------------------------------
Delay:               9.536ns (Levels of Logic = 10)
  Source:            display_value_7 (FF)
  Destination:       lcd_module/lcd_rom_module/U0/xst_blk_mem_generator/gnativebmg.native_blk_mem_gen/valid.cstr/ramloop[1].ram.r/s6_init.ram/SP.SIMPLE_PRIM18.ram (RAM)
  Source Clock:      clk rising
  Destination Clock: clk rising

  Data Path: display_value_7 to lcd_module/lcd_rom_module/U0/xst_blk_mem_generator/gnativebmg.native_blk_mem_gen/valid.cstr/ramloop[1].ram.r/s6_init.ram/SP.SIMPLE_PRIM18.ram
                                Gate     Net
    Cell:in->out      fanout   Delay   Delay  Logical Name (Net Name)
    ----------------------------------------  ------------
     FDR:C->Q              1   0.447   0.827  display_value_7 (display_value_7)
     begin scope: 'lcd_module:display_value<7>'
     LUT6:I2->O            2   0.203   0.981  lcd_draw_module/Mmux_draw_char161 (lcd_draw_module/Mmux_draw_char16)
     LUT6:I0->O            1   0.203   0.000  lcd_draw_module/Mmux_draw_char164_G (N248)
     MUXF7:I1->O           2   0.140   0.617  lcd_draw_module/Mmux_draw_char164 (lcd_draw_module/Mmux_draw_char163)
     LUT5:I4->O            6   0.205   0.992  lcd_draw_module/Mmux_draw_char168 (lcd_draw_module/Madd_GND_3_o_PWR_3_o_add_128_OUT_lut<3>)
     LUT5:I1->O            1   0.203   0.684  lcd_draw_module/GND_3_o_draw_char[7]_AND_36_o_SW0 (N10)
     LUT4:I2->O            3   0.203   0.755  lcd_draw_module/GND_3_o_draw_char[7]_AND_36_o (lcd_draw_module/GND_3_o_draw_char[7]_AND_36_o)
     LUT5:I3->O            3   0.203   0.651  lcd_draw_module/Mmux_draw_rom_pc1621 (lcd_draw_module/Mmux_draw_rom_pc162)
     LUT6:I5->O            2   0.205   0.845  lcd_draw_module/Mmux_draw_rom_pc2021 (lcd_draw_module/Mmux_draw_rom_pc202)
     LUT6:I3->O            2   0.205   0.616  Mmux_rom_addr99 (rom_addr<8>)
     begin scope: 'lcd_module/lcd_rom_module:addra<8>'
     RAMB16BWER:ADDRA12        0.350          U0/xst_blk_mem_generator/gnativebmg.native_blk_mem_gen/valid.cstr/ramloop[0].ram.r/s6_init.ram/SP.SIMPLE_PRIM18.ram
    ----------------------------------------
    Total                      9.536ns (2.567ns logic, 6.969ns route)
                                       (26.9% logic, 73.1% route)

=========================================================================
Timing constraint: Default period analysis for Clock 'lcd_module/double_clk'
  Clock period: 6.858ns (frequency: 145.821MHz)
  Total number of paths / destination ports: 5808 / 238
-------------------------------------------------------------------------
Delay:               6.858ns (Levels of Logic = 5)
  Source:            lcd_module/lcd_draw_module/draw_block_number_2 (FF)
  Destination:       lcd_module/lcd_draw_module/draw_data_1 (FF)
  Source Clock:      lcd_module/double_clk rising
  Destination Clock: lcd_module/double_clk rising

  Data Path: lcd_module/lcd_draw_module/draw_block_number_2 to lcd_module/lcd_draw_module/draw_data_1
                                Gate     Net
    Cell:in->out      fanout   Delay   Delay  Logical Name (Net Name)
    ----------------------------------------  ------------
     FD:C->Q              83   0.447   1.994  lcd_draw_module/draw_block_number_2 (display_number<2>)
     LUT6:I3->O           43   0.205   1.449  lcd_draw_module/out1 (lcd_draw_module/draw_block_number[5]_reduce_or_38_o)
     LUT6:I5->O            1   0.205   0.580  lcd_draw_module/Mmux_draw_data[15]_GND_3_o_mux_196_OUT81 (lcd_draw_module/Mmux_draw_data[15]_GND_3_o_mux_196_OUT8)
     LUT6:I5->O            1   0.205   0.580  lcd_draw_module/Mmux_draw_data[15]_GND_3_o_mux_196_OUT82 (lcd_draw_module/Mmux_draw_data[15]_GND_3_o_mux_196_OUT81)
     LUT4:I3->O            1   0.205   0.684  lcd_draw_module/draw_data_1_glue_set_SW0 (N168)
     LUT6:I4->O            1   0.203   0.000  lcd_draw_module/draw_data_1_rstpot (lcd_draw_module/draw_data_1_rstpot)
     FD:D                      0.102          lcd_draw_module/draw_data_1
    ----------------------------------------
    Total                      6.858ns (1.572ns logic, 5.286ns route)
                                       (22.9% logic, 77.1% route)

=========================================================================
Timing constraint: Default OFFSET IN BEFORE for Clock 'clk'
  Total number of paths / destination ports: 2487 / 389
-------------------------------------------------------------------------
Offset:              5.783ns (Levels of Logic = 37)
  Source:            sw_cin (PAD)
  Destination:       display_value_31 (FF)
  Destination Clock: clk rising

  Data Path: sw_cin to display_value_31
                                Gate     Net
    Cell:in->out      fanout   Delay   Delay  Logical Name (Net Name)
    ----------------------------------------  ------------
     IBUF:I->O             2   1.222   0.616  sw_cin_IBUF (sw_cin_IBUF)
     MUXCY:CI->O           1   0.019   0.000  ADDERTREE_INTERNAL_Madd1_cy<0> (ADDERTREE_INTERNAL_Madd1_cy<0>)
     MUXCY:CI->O           1   0.019   0.000  ADDERTREE_INTERNAL_Madd1_cy<0>_0 (ADDERTREE_INTERNAL_Madd1_cy<0>1)
     MUXCY:CI->O           1   0.019   0.000  ADDERTREE_INTERNAL_Madd1_cy<0>_1 (ADDERTREE_INTERNAL_Madd1_cy<0>2)
     MUXCY:CI->O           1   0.019   0.000  ADDERTREE_INTERNAL_Madd1_cy<0>_2 (ADDERTREE_INTERNAL_Madd1_cy<0>3)
     MUXCY:CI->O           1   0.019   0.000  ADDERTREE_INTERNAL_Madd1_cy<0>_3 (ADDERTREE_INTERNAL_Madd1_cy<0>4)
     MUXCY:CI->O           1   0.019   0.000  ADDERTREE_INTERNAL_Madd1_cy<0>_4 (ADDERTREE_INTERNAL_Madd1_cy<0>5)
     MUXCY:CI->O           1   0.019   0.000  ADDERTREE_INTERNAL_Madd1_cy<0>_5 (ADDERTREE_INTERNAL_Madd1_cy<0>6)
     MUXCY:CI->O           1   0.019   0.000  ADDERTREE_INTERNAL_Madd1_cy<0>_6 (ADDERTREE_INTERNAL_Madd1_cy<0>7)
     MUXCY:CI->O           1   0.019   0.000  ADDERTREE_INTERNAL_Madd1_cy<0>_7 (ADDERTREE_INTERNAL_Madd1_cy<0>8)
     MUXCY:CI->O           1   0.019   0.000  ADDERTREE_INTERNAL_Madd1_cy<0>_8 (ADDERTREE_INTERNAL_Madd1_cy<0>9)
     MUXCY:CI->O           1   0.019   0.000  ADDERTREE_INTERNAL_Madd1_cy<0>_9 (ADDERTREE_INTERNAL_Madd1_cy<0>10)
     MUXCY:CI->O           1   0.019   0.000  ADDERTREE_INTERNAL_Madd1_cy<0>_10 (ADDERTREE_INTERNAL_Madd1_cy<0>11)
     MUXCY:CI->O           1   0.019   0.000  ADDERTREE_INTERNAL_Madd1_cy<0>_11 (ADDERTREE_INTERNAL_Madd1_cy<0>12)
     MUXCY:CI->O           1   0.019   0.000  ADDERTREE_INTERNAL_Madd1_cy<0>_12 (ADDERTREE_INTERNAL_Madd1_cy<0>13)
     MUXCY:CI->O           1   0.019   0.000  ADDERTREE_INTERNAL_Madd1_cy<0>_13 (ADDERTREE_INTERNAL_Madd1_cy<0>14)
     MUXCY:CI->O           1   0.019   0.000  ADDERTREE_INTERNAL_Madd1_cy<0>_14 (ADDERTREE_INTERNAL_Madd1_cy<0>15)
     MUXCY:CI->O           1   0.019   0.000  ADDERTREE_INTERNAL_Madd1_cy<0>_15 (ADDERTREE_INTERNAL_Madd1_cy<0>16)
     MUXCY:CI->O           1   0.019   0.000  ADDERTREE_INTERNAL_Madd1_cy<0>_16 (ADDERTREE_INTERNAL_Madd1_cy<0>17)
     MUXCY:CI->O           1   0.019   0.000  ADDERTREE_INTERNAL_Madd1_cy<0>_17 (ADDERTREE_INTERNAL_Madd1_cy<0>18)
     MUXCY:CI->O           1   0.019   0.000  ADDERTREE_INTERNAL_Madd1_cy<0>_18 (ADDERTREE_INTERNAL_Madd1_cy<0>19)
     MUXCY:CI->O           1   0.019   0.000  ADDERTREE_INTERNAL_Madd1_cy<0>_19 (ADDERTREE_INTERNAL_Madd1_cy<0>20)
     MUXCY:CI->O           1   0.019   0.000  ADDERTREE_INTERNAL_Madd1_cy<0>_20 (ADDERTREE_INTERNAL_Madd1_cy<0>21)
     MUXCY:CI->O           1   0.019   0.000  ADDERTREE_INTERNAL_Madd1_cy<0>_21 (ADDERTREE_INTERNAL_Madd1_cy<0>22)
     MUXCY:CI->O           1   0.019   0.000  ADDERTREE_INTERNAL_Madd1_cy<0>_22 (ADDERTREE_INTERNAL_Madd1_cy<0>23)
     MUXCY:CI->O           1   0.019   0.000  ADDERTREE_INTERNAL_Madd1_cy<0>_23 (ADDERTREE_INTERNAL_Madd1_cy<0>24)
     MUXCY:CI->O           1   0.019   0.000  ADDERTREE_INTERNAL_Madd1_cy<0>_24 (ADDERTREE_INTERNAL_Madd1_cy<0>25)
     MUXCY:CI->O           1   0.019   0.000  ADDERTREE_INTERNAL_Madd1_cy<0>_25 (ADDERTREE_INTERNAL_Madd1_cy<0>26)
     MUXCY:CI->O           1   0.019   0.000  ADDERTREE_INTERNAL_Madd1_cy<0>_26 (ADDERTREE_INTERNAL_Madd1_cy<0>27)
     MUXCY:CI->O           1   0.019   0.000  ADDERTREE_INTERNAL_Madd1_cy<0>_27 (ADDERTREE_INTERNAL_Madd1_cy<0>28)
     XORCY:CI->O           2   0.180   0.617  ADDERTREE_INTERNAL_Madd1_xor<0>_28 (ADDERTREE_INTERNAL_Madd_291)
     LUT3:I2->O            1   0.205   0.580  ADDERTREE_INTERNAL_Madd329 (ADDERTREE_INTERNAL_Madd329)
     LUT4:I3->O            1   0.205   0.000  ADDERTREE_INTERNAL_Madd3_lut<0>30 (ADDERTREE_INTERNAL_Madd3_lut<0>30)
     MUXCY:S->O            1   0.172   0.000  ADDERTREE_INTERNAL_Madd3_cy<0>_29 (ADDERTREE_INTERNAL_Madd3_cy<0>30)
     XORCY:CI->O           1   0.180   0.808  ADDERTREE_INTERNAL_Madd3_xor<0>_30 (ADDERTREE_INTERNAL_Madd_313)
     LUT6:I3->O            1   0.205   0.000  mux2412_G (N19)
     MUXF7:I1->O           1   0.140   0.000  mux2412 (_n0116<1>)
     FDR:D                     0.102          display_value_31
    ----------------------------------------
    Total                      5.783ns (3.162ns logic, 2.621ns route)
                                       (54.7% logic, 45.3% route)

=========================================================================
Timing constraint: Default OFFSET OUT AFTER for Clock 'lcd_module/double_clk'
  Total number of paths / destination ports: 332 / 18
-------------------------------------------------------------------------
Offset:              8.866ns (Levels of Logic = 7)
  Source:            lcd_module/lcd_init_module/init_rom_pc_8 (FF)
  Destination:       lcd_data_io<15> (PAD)
  Source Clock:      lcd_module/double_clk rising

  Data Path: lcd_module/lcd_init_module/init_rom_pc_8 to lcd_data_io<15>
                                Gate     Net
    Cell:in->out      fanout   Delay   Delay  Logical Name (Net Name)
    ----------------------------------------  ------------
     FDRE:C->Q             3   0.447   0.995  lcd_init_module/init_rom_pc_8 (lcd_init_module/init_rom_pc<8>)
     LUT5:I0->O            2   0.203   0.617  lcd_init_module/init_rom_pc[10]_init_rs_part_AND_24_o11 (lcd_init_module/init_rom_pc[10]_init_rs_part_AND_24_o1)
     LUT5:I4->O           12   0.205   0.909  lcd_init_module/init_rom_pc[10]_init_rs_part_AND_25_o11 (lcd_init_module/init_rom_pc[10]_init_rs_part_AND_25_o1)
     LUT3:I2->O            8   0.205   1.147  lcd_init_module/init_rom_pc[10]_PWR_2_o_equal_3_o<10>1 (lcd_init_module/init_rom_pc[10]_PWR_2_o_equal_3_o)
     LUT6:I1->O            1   0.203   0.580  Mmux_lcd_data_io161 (Mmux_lcd_data_io16)
     LUT3:I2->O            1   0.205   0.579  Mmux_lcd_data_io162 (lcd_data_io<9>)
     end scope: 'lcd_module:lcd_data_io<9>'
     OBUF:I->O                 2.571          lcd_data_io_9_OBUF (lcd_data_io<9>)
    ----------------------------------------
    Total                      8.866ns (4.039ns logic, 4.827ns route)
                                       (45.6% logic, 54.4% route)

=========================================================================
Timing constraint: Default OFFSET OUT AFTER for Clock 'clk'
  Total number of paths / destination ports: 13647 / 24
-------------------------------------------------------------------------
Offset:              8.309ns (Levels of Logic = 37)
  Source:            adder_operand1_0 (FF)
  Destination:       led_cout (PAD)
  Source Clock:      clk rising

  Data Path: adder_operand1_0 to led_cout
                                Gate     Net
    Cell:in->out      fanout   Delay   Delay  Logical Name (Net Name)
    ----------------------------------------  ------------
     FDRE:C->Q             3   0.447   0.879  adder_operand1_0 (adder_operand1_0)
     LUT3:I0->O            1   0.205   0.580  ADDERTREE_INTERNAL_Madd1 (ADDERTREE_INTERNAL_Madd1)
     LUT4:I3->O            1   0.205   0.000  ADDERTREE_INTERNAL_Madd1_lut<0>1 (ADDERTREE_INTERNAL_Madd1_lut<0>1)
     MUXCY:S->O            1   0.172   0.000  ADDERTREE_INTERNAL_Madd1_cy<0>_0 (ADDERTREE_INTERNAL_Madd1_cy<0>1)
     MUXCY:CI->O           1   0.019   0.000  ADDERTREE_INTERNAL_Madd1_cy<0>_1 (ADDERTREE_INTERNAL_Madd1_cy<0>2)
     MUXCY:CI->O           1   0.019   0.000  ADDERTREE_INTERNAL_Madd1_cy<0>_2 (ADDERTREE_INTERNAL_Madd1_cy<0>3)
     MUXCY:CI->O           1   0.019   0.000  ADDERTREE_INTERNAL_Madd1_cy<0>_3 (ADDERTREE_INTERNAL_Madd1_cy<0>4)
     MUXCY:CI->O           1   0.019   0.000  ADDERTREE_INTERNAL_Madd1_cy<0>_4 (ADDERTREE_INTERNAL_Madd1_cy<0>5)
     MUXCY:CI->O           1   0.019   0.000  ADDERTREE_INTERNAL_Madd1_cy<0>_5 (ADDERTREE_INTERNAL_Madd1_cy<0>6)
     MUXCY:CI->O           1   0.019   0.000  ADDERTREE_INTERNAL_Madd1_cy<0>_6 (ADDERTREE_INTERNAL_Madd1_cy<0>7)
     MUXCY:CI->O           1   0.019   0.000  ADDERTREE_INTERNAL_Madd1_cy<0>_7 (ADDERTREE_INTERNAL_Madd1_cy<0>8)
     MUXCY:CI->O           1   0.019   0.000  ADDERTREE_INTERNAL_Madd1_cy<0>_8 (ADDERTREE_INTERNAL_Madd1_cy<0>9)
     MUXCY:CI->O           1   0.019   0.000  ADDERTREE_INTERNAL_Madd1_cy<0>_9 (ADDERTREE_INTERNAL_Madd1_cy<0>10)
     MUXCY:CI->O           1   0.019   0.000  ADDERTREE_INTERNAL_Madd1_cy<0>_10 (ADDERTREE_INTERNAL_Madd1_cy<0>11)
     MUXCY:CI->O           1   0.019   0.000  ADDERTREE_INTERNAL_Madd1_cy<0>_11 (ADDERTREE_INTERNAL_Madd1_cy<0>12)
     MUXCY:CI->O           1   0.019   0.000  ADDERTREE_INTERNAL_Madd1_cy<0>_12 (ADDERTREE_INTERNAL_Madd1_cy<0>13)
     MUXCY:CI->O           1   0.019   0.000  ADDERTREE_INTERNAL_Madd1_cy<0>_13 (ADDERTREE_INTERNAL_Madd1_cy<0>14)
     MUXCY:CI->O           1   0.019   0.000  ADDERTREE_INTERNAL_Madd1_cy<0>_14 (ADDERTREE_INTERNAL_Madd1_cy<0>15)
     MUXCY:CI->O           1   0.019   0.000  ADDERTREE_INTERNAL_Madd1_cy<0>_15 (ADDERTREE_INTERNAL_Madd1_cy<0>16)
     MUXCY:CI->O           1   0.019   0.000  ADDERTREE_INTERNAL_Madd1_cy<0>_16 (ADDERTREE_INTERNAL_Madd1_cy<0>17)
     MUXCY:CI->O           1   0.019   0.000  ADDERTREE_INTERNAL_Madd1_cy<0>_17 (ADDERTREE_INTERNAL_Madd1_cy<0>18)
     MUXCY:CI->O           1   0.019   0.000  ADDERTREE_INTERNAL_Madd1_cy<0>_18 (ADDERTREE_INTERNAL_Madd1_cy<0>19)
     MUXCY:CI->O           1   0.019   0.000  ADDERTREE_INTERNAL_Madd1_cy<0>_19 (ADDERTREE_INTERNAL_Madd1_cy<0>20)
     MUXCY:CI->O           1   0.019   0.000  ADDERTREE_INTERNAL_Madd1_cy<0>_20 (ADDERTREE_INTERNAL_Madd1_cy<0>21)
     MUXCY:CI->O           1   0.019   0.000  ADDERTREE_INTERNAL_Madd1_cy<0>_21 (ADDERTREE_INTERNAL_Madd1_cy<0>22)
     MUXCY:CI->O           1   0.019   0.000  ADDERTREE_INTERNAL_Madd1_cy<0>_22 (ADDERTREE_INTERNAL_Madd1_cy<0>23)
     MUXCY:CI->O           1   0.019   0.000  ADDERTREE_INTERNAL_Madd1_cy<0>_23 (ADDERTREE_INTERNAL_Madd1_cy<0>24)
     MUXCY:CI->O           1   0.019   0.000  ADDERTREE_INTERNAL_Madd1_cy<0>_24 (ADDERTREE_INTERNAL_Madd1_cy<0>25)
     MUXCY:CI->O           1   0.019   0.000  ADDERTREE_INTERNAL_Madd1_cy<0>_25 (ADDERTREE_INTERNAL_Madd1_cy<0>26)
     MUXCY:CI->O           1   0.019   0.000  ADDERTREE_INTERNAL_Madd1_cy<0>_26 (ADDERTREE_INTERNAL_Madd1_cy<0>27)
     MUXCY:CI->O           1   0.019   0.000  ADDERTREE_INTERNAL_Madd1_cy<0>_27 (ADDERTREE_INTERNAL_Madd1_cy<0>28)
     MUXCY:CI->O           1   0.019   0.000  ADDERTREE_INTERNAL_Madd1_cy<0>_28 (ADDERTREE_INTERNAL_Madd1_cy<0>29)
     XORCY:CI->O           2   0.180   0.617  ADDERTREE_INTERNAL_Madd1_xor<0>_29 (ADDERTREE_INTERNAL_Madd_301)
     LUT3:I2->O            1   0.205   0.580  ADDERTREE_INTERNAL_Madd330 (ADDERTREE_INTERNAL_Madd330)
     LUT4:I3->O            1   0.205   0.000  ADDERTREE_INTERNAL_Madd3_lut<0>31 (ADDERTREE_INTERNAL_Madd3_lut<0>31)
     MUXCY:S->O            0   0.172   0.000  ADDERTREE_INTERNAL_Madd3_cy<0>_30 (ADDERTREE_INTERNAL_Madd3_cy<0>31)
     XORCY:CI->O           1   0.180   0.579  ADDERTREE_INTERNAL_Madd3_xor<0>_31 (led_cout_OBUF)
     OBUF:I->O                 2.571          led_cout_OBUF (led_cout)
    ----------------------------------------
    Total                      8.309ns (5.074ns logic, 3.235ns route)
                                       (61.1% logic, 38.9% route)

=========================================================================
Timing constraint: Default path analysis
  Total number of paths / destination ports: 96 / 1
-------------------------------------------------------------------------
Delay:               7.697ns (Levels of Logic = 37)
  Source:            sw_cin (PAD)
  Destination:       led_cout (PAD)

  Data Path: sw_cin to led_cout
                                Gate     Net
    Cell:in->out      fanout   Delay   Delay  Logical Name (Net Name)
    ----------------------------------------  ------------
     IBUF:I->O             2   1.222   0.616  sw_cin_IBUF (sw_cin_IBUF)
     MUXCY:CI->O           1   0.019   0.000  ADDERTREE_INTERNAL_Madd1_cy<0> (ADDERTREE_INTERNAL_Madd1_cy<0>)
     MUXCY:CI->O           1   0.019   0.000  ADDERTREE_INTERNAL_Madd1_cy<0>_0 (ADDERTREE_INTERNAL_Madd1_cy<0>1)
     MUXCY:CI->O           1   0.019   0.000  ADDERTREE_INTERNAL_Madd1_cy<0>_1 (ADDERTREE_INTERNAL_Madd1_cy<0>2)
     MUXCY:CI->O           1   0.019   0.000  ADDERTREE_INTERNAL_Madd1_cy<0>_2 (ADDERTREE_INTERNAL_Madd1_cy<0>3)
     MUXCY:CI->O           1   0.019   0.000  ADDERTREE_INTERNAL_Madd1_cy<0>_3 (ADDERTREE_INTERNAL_Madd1_cy<0>4)
     MUXCY:CI->O           1   0.019   0.000  ADDERTREE_INTERNAL_Madd1_cy<0>_4 (ADDERTREE_INTERNAL_Madd1_cy<0>5)
     MUXCY:CI->O           1   0.019   0.000  ADDERTREE_INTERNAL_Madd1_cy<0>_5 (ADDERTREE_INTERNAL_Madd1_cy<0>6)
     MUXCY:CI->O           1   0.019   0.000  ADDERTREE_INTERNAL_Madd1_cy<0>_6 (ADDERTREE_INTERNAL_Madd1_cy<0>7)
     MUXCY:CI->O           1   0.019   0.000  ADDERTREE_INTERNAL_Madd1_cy<0>_7 (ADDERTREE_INTERNAL_Madd1_cy<0>8)
     MUXCY:CI->O           1   0.019   0.000  ADDERTREE_INTERNAL_Madd1_cy<0>_8 (ADDERTREE_INTERNAL_Madd1_cy<0>9)
     MUXCY:CI->O           1   0.019   0.000  ADDERTREE_INTERNAL_Madd1_cy<0>_9 (ADDERTREE_INTERNAL_Madd1_cy<0>10)
     MUXCY:CI->O           1   0.019   0.000  ADDERTREE_INTERNAL_Madd1_cy<0>_10 (ADDERTREE_INTERNAL_Madd1_cy<0>11)
     MUXCY:CI->O           1   0.019   0.000  ADDERTREE_INTERNAL_Madd1_cy<0>_11 (ADDERTREE_INTERNAL_Madd1_cy<0>12)
     MUXCY:CI->O           1   0.019   0.000  ADDERTREE_INTERNAL_Madd1_cy<0>_12 (ADDERTREE_INTERNAL_Madd1_cy<0>13)
     MUXCY:CI->O           1   0.019   0.000  ADDERTREE_INTERNAL_Madd1_cy<0>_13 (ADDERTREE_INTERNAL_Madd1_cy<0>14)
     MUXCY:CI->O           1   0.019   0.000  ADDERTREE_INTERNAL_Madd1_cy<0>_14 (ADDERTREE_INTERNAL_Madd1_cy<0>15)
     MUXCY:CI->O           1   0.019   0.000  ADDERTREE_INTERNAL_Madd1_cy<0>_15 (ADDERTREE_INTERNAL_Madd1_cy<0>16)
     MUXCY:CI->O           1   0.019   0.000  ADDERTREE_INTERNAL_Madd1_cy<0>_16 (ADDERTREE_INTERNAL_Madd1_cy<0>17)
     MUXCY:CI->O           1   0.019   0.000  ADDERTREE_INTERNAL_Madd1_cy<0>_17 (ADDERTREE_INTERNAL_Madd1_cy<0>18)
     MUXCY:CI->O           1   0.019   0.000  ADDERTREE_INTERNAL_Madd1_cy<0>_18 (ADDERTREE_INTERNAL_Madd1_cy<0>19)
     MUXCY:CI->O           1   0.019   0.000  ADDERTREE_INTERNAL_Madd1_cy<0>_19 (ADDERTREE_INTERNAL_Madd1_cy<0>20)
     MUXCY:CI->O           1   0.019   0.000  ADDERTREE_INTERNAL_Madd1_cy<0>_20 (ADDERTREE_INTERNAL_Madd1_cy<0>21)
     MUXCY:CI->O           1   0.019   0.000  ADDERTREE_INTERNAL_Madd1_cy<0>_21 (ADDERTREE_INTERNAL_Madd1_cy<0>22)
     MUXCY:CI->O           1   0.019   0.000  ADDERTREE_INTERNAL_Madd1_cy<0>_22 (ADDERTREE_INTERNAL_Madd1_cy<0>23)
     MUXCY:CI->O           1   0.019   0.000  ADDERTREE_INTERNAL_Madd1_cy<0>_23 (ADDERTREE_INTERNAL_Madd1_cy<0>24)
     MUXCY:CI->O           1   0.019   0.000  ADDERTREE_INTERNAL_Madd1_cy<0>_24 (ADDERTREE_INTERNAL_Madd1_cy<0>25)
     MUXCY:CI->O           1   0.019   0.000  ADDERTREE_INTERNAL_Madd1_cy<0>_25 (ADDERTREE_INTERNAL_Madd1_cy<0>26)
     MUXCY:CI->O           1   0.019   0.000  ADDERTREE_INTERNAL_Madd1_cy<0>_26 (ADDERTREE_INTERNAL_Madd1_cy<0>27)
     MUXCY:CI->O           1   0.019   0.000  ADDERTREE_INTERNAL_Madd1_cy<0>_27 (ADDERTREE_INTERNAL_Madd1_cy<0>28)
     MUXCY:CI->O           1   0.019   0.000  ADDERTREE_INTERNAL_Madd1_cy<0>_28 (ADDERTREE_INTERNAL_Madd1_cy<0>29)
     XORCY:CI->O           2   0.180   0.617  ADDERTREE_INTERNAL_Madd1_xor<0>_29 (ADDERTREE_INTERNAL_Madd_301)
     LUT3:I2->O            1   0.205   0.580  ADDERTREE_INTERNAL_Madd330 (ADDERTREE_INTERNAL_Madd330)
     LUT4:I3->O            1   0.205   0.000  ADDERTREE_INTERNAL_Madd3_lut<0>31 (ADDERTREE_INTERNAL_Madd3_lut<0>31)
     MUXCY:S->O            0   0.172   0.000  ADDERTREE_INTERNAL_Madd3_cy<0>_30 (ADDERTREE_INTERNAL_Madd3_cy<0>31)
     XORCY:CI->O           1   0.180   0.579  ADDERTREE_INTERNAL_Madd3_xor<0>_31 (led_cout_OBUF)
     OBUF:I->O                 2.571          led_cout_OBUF (led_cout)
    ----------------------------------------
    Total                      7.697ns (5.305ns logic, 2.392ns route)
                                       (68.9% logic, 31.1% route)

=========================================================================

Cross Clock Domains Report:
--------------------------

Clock to Setup on destination clock clk
---------------------+---------+---------+---------+---------+
                     | Src:Rise| Src:Fall| Src:Rise| Src:Fall|
Source Clock         |Dest:Rise|Dest:Rise|Dest:Fall|Dest:Fall|
---------------------+---------+---------+---------+---------+
clk                  |    9.536|         |         |         |
lcd_module/double_clk|   12.586|         |         |         |
---------------------+---------+---------+---------+---------+

Clock to Setup on destination clock lcd_module/double_clk
---------------------+---------+---------+---------+---------+
                     | Src:Rise| Src:Fall| Src:Rise| Src:Fall|
Source Clock         |Dest:Rise|Dest:Rise|Dest:Fall|Dest:Fall|
---------------------+---------+---------+---------+---------+
clk                  |    7.409|         |         |         |
lcd_module/double_clk|    6.858|         |         |         |
---------------------+---------+---------+---------+---------+

=========================================================================


Total REAL time to Xst completion: 5.00 secs
Total CPU time to Xst completion: 4.65 secs
 
--> 

Total memory usage is 283900 kilobytes

Number of errors   :    0 (   0 filtered)
Number of warnings :   14 (   0 filtered)
Number of infos    :   15 (   0 filtered)

